
=== Wed Mar 23 00:41:53 2022

Packages were changed.
Update Mode: updateDependencies

The following packages were added:
  com.unity.ide.visualstudio@2.0.14
The following packages were updated:
  com.unity.2d.animation from version 3.2.5 to 7.0.3
  com.unity.2d.pixel-perfect from version 2.0.4 to 5.0.1
  com.unity.2d.psdimporter from version 2.1.6 to 6.0.2
  com.unity.2d.spriteshape from version 3.0.14 to 7.0.3
  com.unity.cinemachine from version 2.3.4 to 2.8.4
  com.unity.collab-proxy from version 1.2.16 to 1.15.12
  com.unity.ide.rider from version 1.1.4 to 3.0.12
  com.unity.ide.vscode from version 1.2.1 to 1.2.4
  com.unity.test-framework from version 1.1.16 to 1.1.29
  com.unity.textmeshpro from version 2.1.1 to 3.0.6
  com.unity.timeline from version 1.2.17 to 1.6.3

=== Sun Apr 17 00:18:17 2022

Packages were changed.
Update Mode: updateDependencies

The following packages were updated:
  com.unity.2d.animation from version 7.0.3 to 7.0.4
  com.unity.2d.psdimporter from version 6.0.2 to 6.0.3
  com.unity.2d.spriteshape from version 7.0.3 to 7.0.4
  com.unity.collab-proxy from version 1.15.12 to 1.15.15
  com.unity.ide.rider from version 3.0.12 to 3.0.13
  com.unity.ide.vscode from version 1.2.4 to 1.2.5
  com.unity.test-framework from version 1.1.29 to 1.1.31
  com.unity.timeline from version 1.6.3 to 1.6.4
